<?xml version="1.0" encoding="UTF-8"?>
<!-- Generated by org.testng.reporters.JUnitReportReporter -->
<testsuite hostname="DESKTOP-73JCDLH" failures="0" tests="1" name="Framework.AppTest" time="0.066" errors="0" timestamp="2021-07-16T14:41:25 IST" skipped="0">
  <testcase classname="Framework.AppTest" name="shouldAnswerWithTrue" time="0.066"/>
  <system-out/>
</testsuite> <!-- Framework.AppTest -->
