<?xml version="1.0" encoding="UTF-8"?>
<!-- Generated by org.testng.reporters.JUnitReportReporter -->
<testsuite hostname="DESKTOP-73JCDLH" failures="0" tests="1" name="Framework.TestCase_POM_02" time="4.185" errors="0" timestamp="2021-08-08T07:48:28 IST" skipped="0">
  <testcase classname="Framework.TestCase_POM_02" name="TC02" time="4.185"/>
  <system-out/>
</testsuite> <!-- Framework.TestCase_POM_02 -->
