<?xml version="1.0" encoding="UTF-8"?>
<!-- Generated by org.testng.reporters.JUnitReportReporter -->
<testsuite hostname="DESKTOP-73JCDLH" failures="0" tests="1" name="Framework.TestCase_03" time="0.199" errors="0" timestamp="2021-07-17T07:26:42 IST" skipped="0">
  <testcase classname="Framework.TestCase_03" name="navBarValidation" time="0.199"/>
  <system-out/>
</testsuite> <!-- Framework.TestCase_03 -->
