<?xml version="1.0" encoding="UTF-8"?>
<!-- Generated by org.testng.reporters.JUnitReportReporter -->
<testsuite hostname="DESKTOP-73JCDLH" failures="0" tests="1" name="Framework.ValidateText" time="0.152" errors="0" timestamp="2021-07-16T18:55:01 IST" skipped="0">
  <testcase classname="Framework.ValidateText" name="validate" time="0.152"/>
  <system-out/>
</testsuite> <!-- Framework.ValidateText -->
