<?xml version="1.0" encoding="UTF-8"?>
<!-- Generated by org.testng.reporters.JUnitReportReporter -->
<testsuite hostname="DESKTOP-73JCDLH" failures="0" tests="2" name="Framework.TestCase_01" time="43.407" errors="0" timestamp="2021-07-16T21:24:15 IST" skipped="0">
  <testcase classname="Framework.TestCase_01" name="basePage" time="26.863"/>
  <system-out/>
  <testcase classname="Framework.TestCase_01" name="basePage" time="16.544"/>
  <system-out/>
</testsuite> <!-- Framework.TestCase_01 -->
